oct 10, 2018 8:44:31 PM p111mil.agenda.dao.ContactoDao buscarTodos
INFORMACIÓN: Comenzando buscar todos
oct 10, 2018 8:44:31 PM p111mil.agenda.dao.ContactoDao buscarTodos
INFORMACIÓN: finalizando buscar todos
oct 10, 2018 8:51:22 PM p111mil.agenda.dao.ContactoDao buscarTodos
INFORMACIÓN: Comenzando Buscar Todos
oct 10, 2018 8:51:22 PM p111mil.agenda.dao.ContactoDao buscarTodos
INFORMACIÓN: Finalizando Buscar Todos
oct 10, 2018 8:51:25 PM p111mil.agenda.dao.ContactoDao buscarPor
INFORMACIÓN: Se Busco el Nombre
oct 10, 2018 8:51:25 PM p111mil.agenda.dao.ContactoDao buscarPor
INFORMACIÓN: Se Busco el Nombren
oct 10, 2018 8:51:25 PM p111mil.agenda.dao.ContactoDao buscarPor
INFORMACIÓN: Se Busco el Nombreni
oct 10, 2018 8:51:26 PM p111mil.agenda.dao.ContactoDao buscarPor
INFORMACIÓN: Se Busco el Nombrenic
oct 10, 2018 9:06:49 PM p111mil.agenda.dao.ContactoDao buscarTodos
INFORMACIÓN: Comenzando Buscar Todos
oct 10, 2018 9:06:49 PM p111mil.agenda.dao.ContactoDao buscarTodos
INFORMACIÓN: Finalizando Buscar Todos
oct 10, 2018 9:12:07 PM p111mil.agenda.dao.ContactoDao buscarTodos
INFORMACIÓN: Comenzando Buscar Todos
oct 10, 2018 9:12:07 PM p111mil.agenda.dao.ContactoDao buscarTodos
INFORMACIÓN: Finalizando Buscar Todos
oct 17, 2018 11:05:47 PM p111mil.agenda.dao.ContactoDao buscarTodos
INFORMACIÓN: Comenzando Buscar Todos
oct 17, 2018 11:05:47 PM p111mil.agenda.dao.ContactoDao buscarTodos
INFORMACIÓN: Finalizando Buscar Todos
oct 17, 2018 11:06:03 PM p111mil.agenda.dao.ContactoDao buscarTodos
INFORMACIÓN: Comenzando Buscar Todos
oct 17, 2018 11:06:03 PM p111mil.agenda.dao.ContactoDao buscarTodos
INFORMACIÓN: Finalizando Buscar Todos
nov 06, 2018 10:24:21 PM p111mil.agenda.dao.ContactoDao buscarTodos
INFORMACIÓN: Comenzando Buscar Todos
nov 06, 2018 10:24:21 PM p111mil.agenda.dao.ContactoDao buscarTodos
INFORMACIÓN: Finalizando Buscar Todos
nov 06, 2018 10:28:45 PM p111mil.agenda.dao.ContactoDao buscarTodos
INFORMACIÓN: Comenzando Buscar Todos
nov 06, 2018 10:28:46 PM p111mil.agenda.dao.ContactoDao buscarTodos
INFORMACIÓN: Finalizando Buscar Todos
nov 06, 2018 10:29:00 PM p111mil.agenda.dao.ContactoDao buscarTodos
INFORMACIÓN: Comenzando Buscar Todos
nov 06, 2018 10:29:00 PM p111mil.agenda.dao.ContactoDao buscarTodos
INFORMACIÓN: Finalizando Buscar Todos
nov 08, 2018 9:19:13 PM p111mil.agenda.dao.ContactoDao buscarTodos
INFORMACIÓN: Comenzando Buscar Todos
nov 08, 2018 9:19:14 PM p111mil.agenda.dao.ContactoDao buscarTodos
INFORMACIÓN: Finalizando Buscar Todos
nov 08, 2018 9:20:03 PM p111mil.agenda.dao.ContactoDao buscarTodos
INFORMACIÓN: Comenzando Buscar Todos
nov 08, 2018 9:20:03 PM p111mil.agenda.dao.ContactoDao buscarTodos
INFORMACIÓN: Finalizando Buscar Todos
nov 08, 2018 9:33:46 PM p111mil.agenda.dao.ContactoDao buscarTodos
INFORMACIÓN: Comenzando Buscar Todos
nov 08, 2018 9:33:47 PM p111mil.agenda.dao.ContactoDao buscarTodos
INFORMACIÓN: Finalizando Buscar Todos
nov 08, 2018 9:37:03 PM p111mil.agenda.dao.ContactoDao buscarTodos
INFORMACIÓN: Comenzando Buscar Todos
nov 08, 2018 9:37:03 PM p111mil.agenda.dao.ContactoDao buscarTodos
INFORMACIÓN: Finalizando Buscar Todos
nov 08, 2018 9:43:42 PM p111mil.agenda.dao.ContactoDao buscarTodos
INFORMACIÓN: Comenzando Buscar Todos
nov 08, 2018 9:43:42 PM p111mil.agenda.dao.ContactoDao buscarTodos
INFORMACIÓN: Finalizando Buscar Todos
ene 14, 2019 3:28:21 PM p111mil.agenda.dao.ContactoDao buscarTodos
INFORMACIÓN: Comenzando Buscar Todos
ene 14, 2019 3:28:22 PM p111mil.agenda.dao.ContactoDao buscarTodos
INFORMACIÓN: Finalizando Buscar Todos
ene 14, 2019 3:29:01 PM p111mil.agenda.dao.ContactoDao buscarTodos
INFORMACIÓN: Comenzando Buscar Todos
ene 14, 2019 3:29:01 PM p111mil.agenda.dao.ContactoDao buscarTodos
INFORMACIÓN: Finalizando Buscar Todos
ene 14, 2019 3:29:50 PM p111mil.agenda.dao.ContactoDao buscarTodos
INFORMACIÓN: Comenzando Buscar Todos
ene 14, 2019 3:29:50 PM p111mil.agenda.dao.ContactoDao buscarTodos
INFORMACIÓN: Finalizando Buscar Todos
